mode: set
project3/eventapp/features/events/bussiness/usecase.go:12.60,16.2 1 0
project3/eventapp/features/events/bussiness/usecase.go:18.75,21.2 2 0
project3/eventapp/features/events/bussiness/usecase.go:23.80,26.2 2 0
project3/eventapp/features/events/bussiness/usecase.go:28.69,29.211 1 0
project3/eventapp/features/events/bussiness/usecase.go:33.2,34.12 2 0
project3/eventapp/features/events/bussiness/usecase.go:29.211,31.3 1 0
project3/eventapp/features/events/bussiness/usecase.go:37.73,40.2 2 0
project3/eventapp/features/events/bussiness/usecase.go:42.95,44.25 2 0
project3/eventapp/features/events/bussiness/usecase.go:47.2,47.32 1 0
project3/eventapp/features/events/bussiness/usecase.go:50.2,50.25 1 0
project3/eventapp/features/events/bussiness/usecase.go:53.2,53.29 1 0
project3/eventapp/features/events/bussiness/usecase.go:56.2,56.31 1 0
project3/eventapp/features/events/bussiness/usecase.go:59.2,59.29 1 0
project3/eventapp/features/events/bussiness/usecase.go:63.2,64.12 2 0
project3/eventapp/features/events/bussiness/usecase.go:44.25,46.3 1 0
project3/eventapp/features/events/bussiness/usecase.go:47.32,49.3 1 0
project3/eventapp/features/events/bussiness/usecase.go:50.25,52.3 1 0
project3/eventapp/features/events/bussiness/usecase.go:53.29,55.3 1 0
project3/eventapp/features/events/bussiness/usecase.go:56.31,58.3 1 0
project3/eventapp/features/events/bussiness/usecase.go:59.29,61.3 1 0
project3/eventapp/features/events/bussiness/usecase.go:67.91,70.2 2 0
project3/eventapp/features/users/business/usecase.go:14.57,18.2 1 1
project3/eventapp/features/users/business/usecase.go:20.89,23.2 2 1
project3/eventapp/features/users/business/usecase.go:25.77,28.2 2 1
project3/eventapp/features/users/business/usecase.go:30.80,32.85 1 1
project3/eventapp/features/users/business/usecase.go:36.2,38.21 3 1
project3/eventapp/features/users/business/usecase.go:41.2,43.16 3 1
project3/eventapp/features/users/business/usecase.go:46.2,46.20 1 1
project3/eventapp/features/users/business/usecase.go:32.85,34.3 1 1
project3/eventapp/features/users/business/usecase.go:38.21,40.3 1 0
project3/eventapp/features/users/business/usecase.go:43.16,45.3 1 1
project3/eventapp/features/users/business/usecase.go:49.64,51.16 2 1
project3/eventapp/features/users/business/usecase.go:54.2,54.20 1 1
project3/eventapp/features/users/business/usecase.go:51.16,53.3 1 1
project3/eventapp/features/users/business/usecase.go:57.84,59.24 2 0
project3/eventapp/features/users/business/usecase.go:62.2,62.25 1 0
project3/eventapp/features/users/business/usecase.go:65.2,65.28 1 0
project3/eventapp/features/users/business/usecase.go:73.2,74.16 2 0
project3/eventapp/features/users/business/usecase.go:77.2,77.20 1 0
project3/eventapp/features/users/business/usecase.go:59.24,61.3 1 0
project3/eventapp/features/users/business/usecase.go:62.25,64.3 1 0
project3/eventapp/features/users/business/usecase.go:65.28,67.17 2 0
project3/eventapp/features/users/business/usecase.go:70.3,70.32 1 0
project3/eventapp/features/users/business/usecase.go:67.17,69.4 1 0
project3/eventapp/features/users/business/usecase.go:74.16,76.3 1 0
project3/eventapp/features/auth/business/usecase.go:14.55,18.2 1 1
project3/eventapp/features/auth/business/usecase.go:20.70,22.20 2 1
project3/eventapp/features/auth/business/usecase.go:25.2,26.23 2 1
project3/eventapp/features/auth/business/usecase.go:29.2,31.34 2 1
project3/eventapp/features/auth/business/usecase.go:22.20,24.3 1 1
project3/eventapp/features/auth/business/usecase.go:26.23,28.3 1 0
